2022-12-24 11:18:41 [Winston 연습 어플리케이션] info: hello world
2022-12-24 11:18:41 [Winston 연습 어플리케이션] error: hello world
2022-12-24 11:18:41 [Winston 연습 어플리케이션] warn: hello world
2022-12-24 11:29:14 [Winston 연습 어플리케이션] info: hello world
2022-12-24 11:29:14 [Winston 연습 어플리케이션] error: hello world
2022-12-24 11:29:14 [Winston 연습 어플리케이션] warn: hello world
2022-12-24 11:32:50 [Winston 연습 어플리케이션] info: hello world
2022-12-24 11:32:50 [Winston 연습 어플리케이션] error: hello world
2022-12-24 11:32:50 [Winston 연습 어플리케이션] warn: hello world
2022-12-24 11:47:50 [Winston 연습 어플리케이션] info: hello world
2022-12-24 11:47:50 [Winston 연습 어플리케이션] error: hello world
2022-12-24 11:47:50 [Winston 연습 어플리케이션] warn: hello world
2022-12-24 11:47:50 [Winston 연습 어플리케이션] info: Server listening on port 8080
2022-12-24 11:48:03 [Winston 연습 어플리케이션] info: Server listening on port 8080
2022-12-24 13:28:48 [Winston 연습 어플리케이션] info: Server listening on port 8080
2022-12-24 13:29:48 [Winston 연습 어플리케이션] info: Server listening on port 8080
2022-12-24 13:29:56 [Winston 연습 어플리케이션] info: Server listening on port 8080
2022-12-24 13:30:36 [Winston 연습 어플리케이션] info: Server listening on port 8080
2022-12-24 13:30:47 [Winston 연습 어플리케이션] info: GET /getData
2022-12-24 13:30:47 [Winston 연습 어플리케이션] info: GET /getData
2022-12-24 13:32:41 [Winston 연습 어플리케이션] info: Server listening on port 8080
2022-12-24 13:32:52 [Winston 연습 어플리케이션] info: GET /getData
2022-12-24 13:32:52 [Winston 연습 어플리케이션] info: GET /getData
2022-12-24 13:33:00 [Winston 연습 어플리케이션] info: Server listening on port 8080
2022-12-24 13:37:37 [Winston 연습 어플리케이션] info: Server listening on port 8080
2022-12-24 13:37:52 [Winston 연습 어플리케이션] info: Server listening on port 8080
2022-12-24 13:38:26 [Winston 연습 어플리케이션] info: Server listening on port 8080
2022-12-24 13:39:20 [Winston 연습 어플리케이션] info: Server listening on port 8080
2022-12-24 13:40:16 [Winston 연습 어플리케이션] info: Server listening on port 8080
2022-12-24 13:40:51 [Winston 연습 어플리케이션] info: Server listening on port 8080
2022-12-24 13:42:04 [Winston 연습 어플리케이션] info: Server listening on port 8080
2022-12-24 13:42:10 [Winston 연습 어플리케이션] info: GET /getData
2022-12-24 13:42:10 [Winston 연습 어플리케이션] info: GET /getData
2022-12-24 13:42:13 [Winston 연습 어플리케이션] info: GET /getData
2022-12-24 13:42:13 [Winston 연습 어플리케이션] info: GET /getData
2022-12-24 13:42:39 [Winston 연습 어플리케이션] info: GET /test
2022-12-24 13:42:39 [Winston 연습 어플리케이션] info: Server listening on port 8080
2022-12-24 13:42:42 [Winston 연습 어플리케이션] info: GET /getData
2022-12-24 13:42:42 [Winston 연습 어플리케이션] info: GET /getData
2022-12-24 13:42:59 [Winston 연습 어플리케이션] info: GET /test
2022-12-24 13:42:59 [Winston 연습 어플리케이션] info: Server listening on port 8080
2022-12-24 13:43:02 [Winston 연습 어플리케이션] info: GET /test/getData
2022-12-24 13:43:02 [Winston 연습 어플리케이션] info: GET /test/getData
2022-12-24 13:43:49 [Winston 연습 어플리케이션] info: Server listening on port 8080
2022-12-24 13:43:51 [Winston 연습 어플리케이션] info: GET /test/getData
2022-12-24 13:43:52 [Winston 연습 어플리케이션] info: GET /test/getData
2022-12-24 13:46:03 [Winston 연습 어플리케이션] info: Server listening on port 8080
2022-12-24 13:46:06 [Winston 연습 어플리케이션] info: GET /test/getData
2022-12-24 13:46:06 [Winston 연습 어플리케이션] info: GET /test/getData
2022-12-24 13:46:33 [Winston 연습 어플리케이션] info: Server listening on port 8080
2022-12-24 13:49:36 [Winston 연습 어플리케이션] info: Server listening on port 8080
2022-12-24 13:49:40 [Winston 연습 어플리케이션] info: GET /test/getData
2022-12-24 13:49:40 [Winston 연습 어플리케이션] info: GET /test/getData
2022-12-24 13:50:03 [Winston 연습 어플리케이션] info: GET /test/getData
2022-12-24 13:50:03 [Winston 연습 어플리케이션] info: GET /test/getData
